<?xml version="1.0" encoding="UTF-8"?>
<!-- Generated by org.testng.reporters.JUnitReportReporter -->
<testsuite hostname="MMANDRYKOVSK-NB" failures="0" tests="1" name="WebAppTest" time="4.716" errors="0" timestamp="2019-12-27T00:18:24 EET" skipped="0">
  <testcase classname="WebAppTest" name="ciTest" time="4.716"/>
</testsuite> <!-- WebAppTest -->
